3464028324945134900000000000000000000000000000000000000000000000000000000000000000000000000000000000000000000000000000000000000000000000000000000000000000000000000000000000000000000000000000000000000000000000000000000000000000000000000000000000000000000000000000.000000
0.323776 0.390167
0.323727 0.383594
0.323774 0.380870
0.323796 0.379606
0.323914 0.372742
0.324013 0.368945
0.324138 0.364848
0.324444 0.357260
0.324563 0.354311
0.325449 0.340754
0.325899 0.334515
0.325923 0.334113
0.326298 0.329044
0.326935 0.320206
0.327210 0.315826
0.327472 0.311933
0.327509 0.311421
0.332955 0.295020
0.337700 0.280601
0.339086 0.276532
0.341845 0.269810
0.344567 0.263664
0.345875 0.261032
0.346253 0.260269
0.349075 0.255271
0.350833 0.252806
0.352171 0.251322
0.353008 0.250538
0.353990 0.249817
0.354343 0.249609
0.354857 0.249397
0.356767 0.249248
0.359340 0.249259
0.361237 0.249407
0.362636 0.249517
0.363772 0.249623
3464028324945121700000000000000000000000000000000000000000000000000000000000000000000000000000000000000000000000000000000000000000000000000000000000000000000000000000000000000000000000000000000000000000000000000000000000000000000000000000000000000000000000000000.000000
0.394790 0.354904
0.397950 0.356963
0.402944 0.360563
0.406441 0.362813
0.415856 0.369079
0.420052 0.371866
3464028324945123100000000000000000000000000000000000000000000000000000000000000000000000000000000000000000000000000000000000000000000000000000000000000000000000000000000000000000000000000000000000000000000000000000000000000000000000000000000000000000000000000000.000000
0.394727 0.353622
0.398536 0.352855
0.401621 0.352329
0.404942 0.351573
0.406091 0.351185
0.408564 0.350174
0.410412 0.349312
0.412347 0.348514
0.415407 0.347182
3464028324945148400000000000000000000000000000000000000000000000000000000000000000000000000000000000000000000000000000000000000000000000000000000000000000000000000000000000000000000000000000000000000000000000000000000000000000000000000000000000000000000000000000.000000
0.380056 0.345296
0.381230 0.340093
0.382117 0.336172
0.382940 0.332520
0.383838 0.328588
0.384639 0.325017
0.385424 0.321566
0.386174 0.318253
0.386999 0.314572
0.388073 0.309870
0.389896 0.301866
0.390245 0.300262
0.390945 0.297405
0.391593 0.294710
0.392443 0.291128
0.393168 0.288094
0.393654 0.286059
0.394166 0.283904
0.394417 0.282799
0.394978 0.280912
0.395428 0.279499
0.396189 0.277059
0.396251 0.276843
0.396476 0.276168
0.397387 0.273233
0.397888 0.271654
0.399124 0.267518
0.399286 0.266981
0.400197 0.263908
0.400597 0.262466
0.400834 0.261389
0.400909 0.260983
0.401284 0.258948
0.401533 0.257387
0.401670 0.256673
0.401870 0.255472
0.403019 0.248736
0.403882 0.243304
0.404880 0.239195
0.405430 0.236769
0.405978 0.234384
0.406515 0.232000
0.406603 0.231594
0.407265 0.228740
0.407577 0.227673
0.407964 0.226839
0.408589 0.225882
0.409376 0.225169
0.415745 0.221841
0.417129 0.221004
0.419052 0.219845
0.419615 0.219496
0.421763 0.217973
0.422124 0.217677
0.422861 0.217111
0.423524 0.216518
0.427395 0.213081
0.429318 0.210845
0.431878 0.207638
0.433364 0.205924
0.434524 0.204610
0.435567 0.203664
0.436046 0.203233
0.436760 0.202703
0.437361 0.202325
0.437820 0.202099
0.440449 0.201173
3464028324945126600000000000000000000000000000000000000000000000000000000000000000000000000000000000000000000000000000000000000000000000000000000000000000000000000000000000000000000000000000000000000000000000000000000000000000000000000000000000000000000000000000.000000
0.416231 0.346359
0.417479 0.342640
0.418641 0.339231
0.421101 0.331969
0.422350 0.329464
0.423411 0.327589
0.423910 0.326847
0.424210 0.326267
0.424298 0.325960
0.424360 0.325529
0.424347 0.325218
0.424272 0.324759
0.424160 0.324409
0.423861 0.323615
0.423462 0.322198
0.423298 0.320920
0.423198 0.320125
3464028324945124400000000000000000000000000000000000000000000000000000000000000000000000000000000000000000000000000000000000000000000000000000000000000000000000000000000000000000000000000000000000000000000000000000000000000000000000000000000000000000000000000000.000000
0.384639 0.325017
0.386387 0.326162
0.387847 0.327119
0.389632 0.328316
0.390894 0.328814
0.391431 0.328843
0.398436 0.329139
0.400535 0.329408
0.404256 0.330029
0.406479 0.330298
0.410037 0.330877
0.414695 0.331834
3464028324945132200000000000000000000000000000000000000000000000000000000000000000000000000000000000000000000000000000000000000000000000000000000000000000000000000000000000000000000000000000000000000000000000000000000000000000000000000000000000000000000000000000.000000
0.218946 0.170001
0.219234 0.170852
0.219858 0.172212
0.221369 0.175621
0.225028 0.184405
0.225174 0.184741
0.225365 0.185147
0.225500 0.185342
0.225727 0.185472
0.230297 0.187722
0.231609 0.188393
0.232187 0.188775
0.234480 0.190283
0.235106 0.190605
0.235705 0.190792
0.236503 0.190781
0.237128 0.190576
0.237803 0.190188
0.238415 0.189541
0.240662 0.187196
0.244471 0.184232
0.245862 0.183487
0.246618 0.183222
0.247260 0.183074
0.247854 0.183060
0.248391 0.183155
0.248865 0.183314
0.249415 0.183720
0.249659 0.183883
0.249965 0.184232
3464028324945131800000000000000000000000000000000000000000000000000000000000000000000000000000000000000000000000000000000000000000000000000000000000000000000000000000000000000000000000000000000000000000000000000000000000000000000000000000000000000000000000000000.000000
0.264282 0.450736
0.264763 0.450182
0.271280 0.439592
0.274315 0.434661
0.275439 0.432894
0.276725 0.430673
0.278598 0.427561
0.278811 0.427183
0.282382 0.421319
0.282781 0.420658
0.283456 0.419542
0.290773 0.407575
0.291821 0.405865
0.292521 0.404721
0.293620 0.402926
0.295829 0.399316
0.296841 0.397659
0.298302 0.395261
0.300212 0.392135
0.300749 0.391245
0.302386 0.388617
0.303646 0.386582
0.307293 0.380803
0.307929 0.379804
0.308592 0.378740
0.309065 0.377066
0.309584 0.373467
0.309700 0.372198
0.309753 0.371626
3464028324945121700000000000000000000000000000000000000000000000000000000000000000000000000000000000000000000000000000000000000000000000000000000000000000000000000000000000000000000000000000000000000000000000000000000000000000000000000000000000000000000000000000.000000
0.369666 0.325109
0.373350 0.327426
0.376571 0.329355
0.378807 0.330595
0.380868 0.331566
0.382940 0.332520
3464028324945133500000000000000000000000000000000000000000000000000000000000000000000000000000000000000000000000000000000000000000000000000000000000000000000000000000000000000000000000000000000000000000000000000000000000000000000000000000000000000000000000000000.000000
0.361525 0.265444
0.361800 0.263745
0.361812 0.261672
0.361825 0.256091
0.361849 0.255649
0.361925 0.255243
0.362111 0.254649
0.362324 0.254045
0.363772 0.249623
0.365023 0.246875
0.365777 0.245741
0.368424 0.240192
0.369890 0.237821
0.370265 0.237228
0.370728 0.236797
0.371390 0.236514
0.372414 0.236352
0.373337 0.236458
0.374012 0.236514
0.374386 0.236447
0.375023 0.236189
0.375611 0.235826
0.376696 0.234858
0.379319 0.232551
0.380180 0.231958
0.381017 0.231541
0.382041 0.231297
0.383914 0.231124
0.385138 0.230923
0.385837 0.230626
0.386673 0.229980
0.387647 0.228793
0.388310 0.227687
3464028324945124400000000000000000000000000000000000000000000000000000000000000000000000000000000000000000000000000000000000000000000000000000000000000000000000000000000000000000000000000000000000000000000000000000000000000000000000000000000000000000000000000000.000000
0.418566 0.330757
0.420427 0.331633
0.421101 0.331969
0.422275 0.332520
0.423273 0.333007
0.424660 0.333668
0.426183 0.334395
0.428269 0.335353
0.431115 0.336645
0.436735 0.339083
0.439668 0.340054
0.440917 0.340068
3464028324945134000000000000000000000000000000000000000000000000000000000000000000000000000000000000000000000000000000000000000000000000000000000000000000000000000000000000000000000000000000000000000000000000000000000000000000000000000000000000000000000000000000.000000
0.366033 0.165462
0.368131 0.171149
0.369167 0.173356
0.371676 0.178450
0.371902 0.178909
0.374774 0.184985
0.375274 0.186172
0.375773 0.187507
0.377570 0.195349
0.378562 0.201763
0.379131 0.206649
0.379193 0.207408
0.379231 0.207811
0.379482 0.209160
0.380442 0.212435
0.381416 0.215331
0.382079 0.217136
0.382778 0.219022
0.383377 0.220464
0.384601 0.222809
0.385151 0.223660
0.387510 0.226744
0.388310 0.227687
0.391169 0.227284
0.394754 0.226786
0.395002 0.226744
0.399472 0.226260
0.400422 0.226313
0.401433 0.226461
0.402407 0.226624
0.403556 0.226854
0.404319 0.227002
0.406142 0.227390
0.407577 0.227673
3464028324945148800000000000000000000000000000000000000000000000000000000000000000000000000000000000000000000000000000000000000000000000000000000000000000000000000000000000000000000000000000000000000000000000000000000000000000000000000000000000000000000000000000.000000
0.323776 0.303795
0.319992 0.304226
0.316933 0.304360
0.313961 0.304466
0.311152 0.304575
0.308630 0.304724
0.304684 0.304964
0.300862 0.305194
0.298490 0.305342
0.296392 0.305476
0.295993 0.305504
0.295206 0.305543
0.292296 0.300573
0.288837 0.294710
0.284992 0.288514
0.281395 0.282717
0.281158 0.282195
0.280883 0.280764
0.280634 0.279634
0.280532 0.279160
0.280184 0.278125
0.279909 0.277274
0.279696 0.276776
0.279410 0.276306
0.279110 0.275928
0.278773 0.275656
0.278547 0.275564
0.277824 0.275441
0.277424 0.275416
0.274552 0.274607
0.272130 0.273961
0.271405 0.273636
0.268483 0.272357
0.265424 0.271184
0.264725 0.270813
0.264139 0.270488
0.263869 0.270089
0.263484 0.269559
0.263164 0.269068
0.260105 0.263664
0.258506 0.262696
0.257082 0.261845
0.255684 0.260700
0.252062 0.256578
0.248104 0.250863
0.247617 0.249987
0.244890 0.245094
0.243684 0.242929
0.237765 0.231421
0.237153 0.229990
0.235880 0.226892
0.234880 0.224522
0.233932 0.222784
0.233606 0.222378
0.233258 0.222081
0.232258 0.221530
0.231035 0.221340
0.229086 0.220923
0.228675 0.220736
0.228269 0.220520
0.227737 0.220033
0.226739 0.218807
0.225514 0.217486
0.223429 0.215599
0.223067 0.215303
0.221632 0.214158
0.219609 0.212540
0.215864 0.209739
3464028324945124400000000000000000000000000000000000000000000000000000000000000000000000000000000000000000000000000000000000000000000000000000000000000000000000000000000000000000000000000000000000000000000000000000000000000000000000000000000000000000000000000000.000000
0.416656 0.347278
0.424673 0.349312
0.427519 0.348662
0.432126 0.347451
0.437521 0.346063
0.438446 0.346010
0.440143 0.345996
0.440917 0.345996
0.441343 0.345996
0.442241 0.345996
0.444626 0.345699
0.445775 0.345173
3464028324945137500000000000000000000000000000000000000000000000000000000000000000000000000000000000000000000000000000000000000000000000000000000000000000000000000000000000000000000000000000000000000000000000000000000000000000000000000000000000000000000000000000.000000
0.309753 0.371626
0.309915 0.368567
0.309815 0.367705
0.309391 0.365992
0.306419 0.354028
0.305245 0.349002
0.304522 0.345550
0.303535 0.340955
0.302586 0.336684
0.302324 0.335420
0.301962 0.333788
0.300962 0.329178
0.300787 0.321944
0.300775 0.320718
0.300800 0.315798
0.300838 0.309397
0.300862 0.305194
0.300887 0.303820
0.300862 0.301407
0.300824 0.299401
0.300738 0.297984
0.300538 0.296543
0.299960 0.294286
0.299176 0.292474
0.298702 0.291368
0.298253 0.290305
0.297253 0.287059
0.297178 0.286614
0.297067 0.285723
0.296940 0.283339
0.297016 0.281089
0.297112 0.277772
0.297238 0.273459
0.297515 0.264028
0.297487 0.256659
0.297479 0.254706
0.297453 0.253113
0.297319 0.247959
0.297242 0.242336
0.297104 0.236069
0.296929 0.229683
0.296767 0.228457
3464028324945132200000000000000000000000000000000000000000000000000000000000000000000000000000000000000000000000000000000000000000000000000000000000000000000000000000000000000000000000000000000000000000000000000000000000000000000000000000000000000000000000000000.000000
0.297515 0.264028
0.298726 0.269552
0.299276 0.271792
0.300738 0.276236
0.301509 0.278030
0.302149 0.279524
0.303122 0.281372
0.303910 0.282530
0.305682 0.284967
0.309383 0.289768
0.320992 0.301167
0.323776 0.303795
0.326349 0.306218
0.330819 0.310421
0.331343 0.310909
0.333603 0.313049
0.334528 0.313968
0.341821 0.317497
0.344155 0.318669
0.349549 0.321322
0.351996 0.322509
0.355019 0.323816
0.358203 0.323844
0.360064 0.323869
0.361437 0.323883
0.362885 0.323897
0.366993 0.323936
0.367519 0.324074
0.368093 0.324300
0.369666 0.325109
3464028324945172000000000000000000000000000000000000000000000000000000000000000000000000000000000000000000000000000000000000000000000000000000000000000000000000000000000000000000000000000000000000000000000000000000000000000000000000000000000000000000000000000000.000000
0.366033 0.165462
0.366532 0.164031
0.366820 0.162576
0.366882 0.162053
0.366944 0.159693
0.367020 0.158602
0.367144 0.157860
0.367556 0.157040
0.368293 0.156108
0.369329 0.155274
0.369954 0.154843
0.371039 0.154681
0.371864 0.154910
0.372750 0.155440
0.373694 0.155938
0.374670 0.156249
0.375643 0.156560
0.376684 0.156595
0.376959 0.156620
0.378072 0.156288
0.378666 0.155797
0.379383 0.154200
0.381233 0.150968
0.382153 0.150280
0.383277 0.150343
0.384045 0.150852
0.384663 0.151583
0.385014 0.152162
0.386524 0.156945
0.386811 0.157510
0.387086 0.157902
0.387485 0.158185
0.387897 0.158333
0.388122 0.158291
0.388297 0.158143
0.389652 0.156624
0.389983 0.156299
0.391480 0.155649
0.393179 0.155327
0.393479 0.155207
0.393804 0.155260
0.395876 0.155882
0.397713 0.156768
0.400405 0.158256
0.401026 0.158665
0.401854 0.158725
0.403507 0.158266
0.404612 0.157355
0.405531 0.156867
0.409676 0.154317
0.410936 0.153805
0.413596 0.153589
0.414758 0.153766
0.416455 0.154412
0.416880 0.154695
0.417255 0.155126
0.417393 0.155409
0.417455 0.155772
0.417530 0.159008
0.417641 0.159358
0.417792 0.159654
0.417941 0.159842
0.418129 0.159976
0.418316 0.160018
0.418578 0.159990
0.418966 0.159654
0.420938 0.156998
0.421588 0.155892
0.421701 0.155734
0.421876 0.155652
0.422013 0.155585
0.422175 0.155585
0.422337 0.155652
0.422486 0.155825
0.422586 0.156097
0.422650 0.156461
0.422650 0.157079
0.422412 0.160488
0.422386 0.160813
0.422412 0.161096
0.422512 0.161378
0.422624 0.161555
0.422787 0.161795
0.423012 0.161996
0.423249 0.162106
0.423462 0.162106
0.423686 0.162092
0.423935 0.162025
0.424123 0.161929
0.424298 0.161742
0.425272 0.160421
0.425671 0.159884
0.425771 0.159856
0.425858 0.159856
0.425933 0.159937
0.426021 0.160032
0.426170 0.160894
0.426346 0.161986
0.426545 0.162212
0.426670 0.162307
0.426832 0.162321
0.427044 0.162293
0.427233 0.162159
0.428892 0.159842
0.429936 0.158807
0.430815 0.158075
0.432426 0.156984
0.434924 0.156270
0.436897 0.155949
0.437510 0.155935
0.437971 0.156108
0.439706 0.156959
0.440330 0.157086
0.441092 0.156878
0.443191 0.155960
0.443940 0.155543
0.444354 0.155398
0.447248 0.163144
0.447649 0.165299
0.448048 0.166956
0.448914 0.169912
3464028324945122600000000000000000000000000000000000000000000000000000000000000000000000000000000000000000000000000000000000000000000000000000000000000000000000000000000000000000000000000000000000000000000000000000000000000000000000000000000000000000000000000000.000000
0.277786 0.356586
0.278185 0.350687
0.278711 0.341912
0.279347 0.334070
0.279871 0.326836
0.280297 0.322159
0.280508 0.319651
0.280596 0.318737
3464028324945123900000000000000000000000000000000000000000000000000000000000000000000000000000000000000000000000000000000000000000000000000000000000000000000000000000000000000000000000000000000000000000000000000000000000000000000000000000000000000000000000000000.000000
0.385812 0.349150
0.383277 0.347465
0.381378 0.346239
0.380056 0.345296
0.373737 0.341103
0.372525 0.336119
0.371452 0.332036
0.370777 0.329394
0.369666 0.325109
0.392092 0.353421
0.387474 0.350323
3464028324945133500000000000000000000000000000000000000000000000000000000000000000000000000000000000000000000000000000000000000000000000000000000000000000000000000000000000000000000000000000000000000000000000000000000000000000000000000000000000000000000000000000.000000
0.312360 0.268228
0.318195 0.271817
0.322503 0.275928
0.322877 0.276292
0.325362 0.278595
0.327822 0.280873
0.330369 0.283244
0.332942 0.285670
0.333966 0.286585
0.337675 0.290050
0.340434 0.292622
0.342744 0.294777
0.344942 0.296840
0.346116 0.297931
0.347003 0.298754
0.348926 0.300545
0.351060 0.302541
0.353433 0.304738
0.354507 0.305748
0.354806 0.306017
0.355481 0.306624
0.356605 0.307567
0.357679 0.308200
0.359677 0.308927
0.361363 0.309143
0.361900 0.309157
0.363322 0.308874
0.366082 0.307998
0.367044 0.307864
0.367905 0.308132
0.369280 0.308793
0.370465 0.309397
0.372288 0.309694
3464028324945127000000000000000000000000000000000000000000000000000000000000000000000000000000000000000000000000000000000000000000000000000000000000000000000000000000000000000000000000000000000000000000000000000000000000000000000000000000000000000000000000000000.000000
0.315921 0.362880
0.315980 0.362015
0.316295 0.357465
0.317494 0.340040
0.317869 0.335579
0.318106 0.332212
0.318381 0.328599
0.318432 0.327995
0.319118 0.318253
0.319393 0.313926
0.319655 0.309669
0.319992 0.304226
0.320992 0.301167
0.322152 0.297677
0.323152 0.294551
0.324251 0.291142
0.325387 0.287853
0.327822 0.280873
3464028324945148400000000000000000000000000000000000000000000000000000000000000000000000000000000000000000000000000000000000000000000000000000000000000000000000000000000000000000000000000000000000000000000000000000000000000000000000000000000000000000000000000000.000000
0.473188 1.000000
0.470401 0.997270
0.468384 0.994716
0.467907 0.993811
0.467671 0.992663
0.467676 0.991519
0.467874 0.990215
0.468265 0.989159
0.472529 0.985454
0.478925 0.979894
0.485081 0.974002
0.485807 0.973522
0.487352 0.973377
0.490343 0.973822
0.491695 0.973592
0.496438 0.970706
0.499292 0.969106
0.501516 0.968481
0.504269 0.967941
0.509245 0.966856
0.513358 0.964620
0.522641 0.961052
0.523576 0.960671
0.531007 0.957640
0.531809 0.957259
0.535243 0.955634
0.537347 0.954641
0.540776 0.953020
0.542853 0.952716
0.545462 0.952176
0.546004 0.952031
0.546259 0.951946
0.546411 0.951875
0.546690 0.951632
0.546960 0.951377
0.547205 0.951052
0.548231 0.949590
0.549557 0.947704
0.549876 0.947248
0.550485 0.946588
0.550806 0.946333
0.551330 0.946040
0.556505 0.943486
0.557024 0.943023
0.557816 0.942031
0.559325 0.940180
0.561648 0.937750
0.563247 0.936379
0.563597 0.936015
0.563926 0.935489
0.564289 0.934768
0.564608 0.933945
0.564746 0.933486
0.565394 0.931014
0.567023 0.923112
0.567610 0.920911
0.569216 0.918318
0.569471 0.917859
0.570967 0.915153
0.572479 0.911575
0.574380 0.907598
0.575596 0.905489
0.580692 0.898770
0.581570 0.897146
0.584282 0.890459
0.585131 0.888449
0.586683 0.884638
3464028324945127400000000000000000000000000000000000000000000000000000000000000000000000000000000000000000000000000000000000000000000000000000000000000000000000000000000000000000000000000000000000000000000000000000000000000000000000000000000000000000000000000000.000000
0.586683 0.884638
0.589658 0.877757
0.591302 0.873779
0.592010 0.871949
0.594153 0.867647
0.600086 0.857915
0.601163 0.856269
0.612882 0.838367
0.613166 0.837933
0.616204 0.833299
0.619458 0.828357
0.620077 0.827417
0.622109 0.824334
0.631260 0.810444
0.635706 0.803698
0.643270 0.792105
0.658804 0.768293
0.665107 0.758632
0.674100 0.744528
3464028324945127900000000000000000000000000000000000000000000000000000000000000000000000000000000000000000000000000000000000000000000000000000000000000000000000000000000000000000000000000000000000000000000000000000000000000000000000000000000000000000000000000000.000000
0.548894 0.803330
0.551508 0.808495
0.554858 0.814824
0.558111 0.821723
0.559080 0.823846
0.559924 0.826237
0.561587 0.832302
0.564153 0.841317
0.568227 0.858682
0.570697 0.867530
0.572145 0.871688
0.572913 0.873461
0.573558 0.874599
0.574234 0.875651
0.574984 0.876524
0.576242 0.877870
0.577645 0.878968
0.580687 0.880953
0.582085 0.881865
0.586683 0.884638
3464028324945127900000000000000000000000000000000000000000000000000000000000000000000000000000000000000000000000000000000000000000000000000000000000000000000000000000000000000000000000000000000000000000000000000000000000000000000000000000000000000000000000000000.000000
0.586683 0.884638
0.590591 0.887057
0.591866 0.887848
0.592180 0.888043
0.597138 0.891204
0.600703 0.892635
0.603156 0.893027
0.604030 0.893165
0.607363 0.892635
0.610865 0.891568
0.617707 0.889487
0.624036 0.887930
0.635925 0.884479
0.637711 0.884337
0.640025 0.884934
0.641950 0.886347
0.649876 0.894772
0.654249 0.898989
0.658531 0.902063
0.665323 0.905083
3464028324945132700000000000000000000000000000000000000000000000000000000000000000000000000000000000000000000000000000000000000000000000000000000000000000000000000000000000000000000000000000000000000000000000000000000000000000000000000000000000000000000000000000.000000
0.665323 0.905083
0.665436 0.890152
0.665441 0.889484
0.665409 0.883013
0.665340 0.874577
0.665274 0.863585
0.665320 0.858375
0.665427 0.852871
0.665409 0.846234
0.665569 0.839092
0.665615 0.835644
0.665628 0.833122
0.665688 0.826990
0.665746 0.821123
0.666513 0.811331
0.667229 0.800851
0.667685 0.793705
0.668322 0.784807
0.668556 0.784008
0.668811 0.783016
0.669396 0.781642
0.672811 0.773588
0.673643 0.771232
0.673934 0.770024
0.674232 0.768788
0.674533 0.766421
0.674738 0.763648
0.674707 0.759808
0.673988 0.747876
0.673996 0.746159
0.674100 0.744528
3464028324945127900000000000000000000000000000000000000000000000000000000000000000000000000000000000000000000000000000000000000000000000000000000000000000000000000000000000000000000000000000000000000000000000000000000000000000000000000000000000000000000000000000.000000
0.548894 0.803330
0.551484 0.803306
0.556297 0.803281
0.561332 0.803256
0.563088 0.803246
0.580635 0.803214
0.587771 0.803200
0.590380 0.803196
0.593138 0.803193
0.606891 0.803337
0.609389 0.803387
0.614921 0.803450
0.616690 0.803472
0.620455 0.803514
0.622433 0.803376
0.624997 0.802588
0.626835 0.801469
0.631879 0.796135
0.637532 0.788911
0.642295 0.782295
3464028324945163700000000000000000000000000000000000000000000000000000000000000000000000000000000000000000000000000000000000000000000000000000000000000000000000000000000000000000000000000000000000000000000000000000000000000000000000000000000000000000000000000000.000000
0.707628 0.847456
0.707629 0.847597
0.707637 0.847742
0.707652 0.847884
0.707672 0.848025
0.707696 0.848163
0.707726 0.848300
0.707760 0.848431
0.707801 0.848562
0.707847 0.848685
0.707896 0.848806
0.707950 0.848919
0.708009 0.849028
0.708071 0.849131
0.708138 0.849226
0.708209 0.849318
0.708282 0.849399
0.708358 0.849473
0.708438 0.849540
0.708520 0.849600
0.708603 0.849650
0.708688 0.849692
0.708775 0.849724
0.708863 0.849749
0.708952 0.849766
0.709042 0.849770
0.709130 0.849770
0.709220 0.849759
0.709308 0.849738
0.709395 0.849710
0.709482 0.849671
0.709567 0.849625
0.709649 0.849572
0.709731 0.849508
0.709808 0.849438
0.709883 0.849357
0.709955 0.849272
0.710024 0.849180
0.710088 0.849081
0.710148 0.848975
0.710205 0.848862
0.710258 0.848745
0.710305 0.848622
0.710348 0.848498
0.710385 0.848368
0.710418 0.848233
0.710444 0.848096
0.710467 0.847954
0.710484 0.847813
0.710495 0.847672
0.710500 0.847527
0.710500 0.847382
0.710495 0.847237
0.710484 0.847096
0.710467 0.846955
0.710444 0.846813
0.710418 0.846676
0.710385 0.846541
0.710348 0.846411
0.710305 0.846287
0.710258 0.846163
0.710205 0.846047
0.710148 0.845934
0.710088 0.845828
0.710024 0.845729
0.709955 0.845637
0.709883 0.845552
0.709808 0.845471
0.709731 0.845400
0.709649 0.845337
0.709567 0.845284
0.709482 0.845238
0.709395 0.845199
0.709308 0.845171
0.709220 0.845150
0.709130 0.845139
0.709042 0.845139
0.708952 0.845143
0.708863 0.845160
0.708775 0.845185
0.708688 0.845217
0.708603 0.845259
0.708520 0.845309
0.708438 0.845369
0.708358 0.845436
0.708282 0.845510
0.708209 0.845591
0.708138 0.845683
0.708071 0.845778
0.708009 0.845881
0.707950 0.845990
0.707896 0.846103
0.707847 0.846223
0.707801 0.846347
0.707760 0.846478
0.707726 0.846608
0.707696 0.846746
0.707672 0.846884
0.707652 0.847025
0.707637 0.847167
0.707629 0.847311
0.707628 0.847456
3464028324945127400000000000000000000000000000000000000000000000000000000000000000000000000000000000000000000000000000000000000000000000000000000000000000000000000000000000000000000000000000000000000000000000000000000000000000000000000000000000000000000000000000.000000
0.710484 0.847813
0.713150 0.849378
0.715814 0.850109
0.725844 0.850229
0.728972 0.850264
0.755845 0.849572
0.756706 0.849614
0.757169 0.849735
0.757462 0.849872
0.757790 0.850162
0.759176 0.851292
0.759516 0.851561
0.761984 0.854037
0.767590 0.859664
0.790846 0.882999
0.801896 0.894415
0.802436 0.894973
0.812979 0.905867
0.816081 0.909071
3464028324945127900000000000000000000000000000000000000000000000000000000000000000000000000000000000000000000000000000000000000000000000000000000000000000000000000000000000000000000000000000000000000000000000000000000000000000000000000000000000000000000000000000.000000
0.912207 0.900441
0.912370 0.900402
0.914212 0.900346
0.919444 0.902977
0.929494 0.909014
0.931697 0.909975
0.933860 0.910000
0.934458 0.910007
0.938921 0.910060
0.941533 0.910155
0.943473 0.910583
0.945154 0.911243
0.946686 0.912176
0.952922 0.917312
0.962680 0.926383
0.966580 0.928763
0.977651 0.936033
0.980343 0.937803
0.995299 0.947322
1.000000 0.950371
3464028324945133100000000000000000000000000000000000000000000000000000000000000000000000000000000000000000000000000000000000000000000000000000000000000000000000000000000000000000000000000000000000000000000000000000000000000000000000000000000000000000000000000000.000000
0.406695 0.713436
0.407967 0.716368
0.408289 0.717240
0.408471 0.718427
0.408554 0.720320
0.408438 0.722507
0.408351 0.724301
0.408538 0.726361
0.408951 0.727805
0.409225 0.728424
0.412546 0.733747
0.416630 0.740900
0.420190 0.747300
0.421339 0.748904
0.422049 0.749699
0.423373 0.750928
0.425671 0.752316
0.426632 0.752599
0.427931 0.752853
0.429617 0.752772
0.431689 0.751963
0.433051 0.751087
0.434176 0.750359
0.434899 0.749660
0.438195 0.746064
0.441691 0.742140
0.443878 0.739515
0.445200 0.738070
0.446924 0.736792
0.448310 0.735877
0.450302 0.734397
0.452705 0.733372
3464028324945163700000000000000000000000000000000000000000000000000000000000000000000000000000000000000000000000000000000000000000000000000000000000000000000000000000000000000000000000000000000000000000000000000000000000000000000000000000000000000000000000000000.000000
0.262705 0.450856
0.262705 0.450934
0.262710 0.451015
0.262718 0.451093
0.262728 0.451171
0.262743 0.451249
0.262759 0.451323
0.262779 0.451397
0.262800 0.451468
0.262825 0.451535
0.262853 0.451602
0.262882 0.451665
0.262915 0.451725
0.262949 0.451782
0.262985 0.451835
0.263025 0.451884
0.263065 0.451930
0.263106 0.451973
0.263151 0.452008
0.263195 0.452040
0.263242 0.452068
0.263288 0.452093
0.263337 0.452110
0.263385 0.452125
0.263434 0.452132
0.263483 0.452135
0.263532 0.452135
0.263581 0.452128
0.263630 0.452117
0.263678 0.452103
0.263725 0.452082
0.263773 0.452057
0.263817 0.452026
0.263861 0.451990
0.263905 0.451951
0.263946 0.451909
0.263985 0.451860
0.264023 0.451810
0.264059 0.451754
0.264092 0.451697
0.264123 0.451634
0.264152 0.451570
0.264178 0.451503
0.264201 0.451432
0.264223 0.451358
0.264241 0.451284
0.264255 0.451210
0.264267 0.451132
0.264277 0.451054
0.264282 0.450973
0.264285 0.450895
0.264285 0.450814
0.264282 0.450736
0.264277 0.450655
0.264267 0.450577
0.264255 0.450500
0.264241 0.450425
0.264223 0.450351
0.264201 0.450277
0.264178 0.450206
0.264152 0.450139
0.264123 0.450076
0.264092 0.450012
0.264059 0.449956
0.264023 0.449899
0.263985 0.449850
0.263946 0.449800
0.263905 0.449758
0.263861 0.449719
0.263817 0.449684
0.263773 0.449652
0.263725 0.449627
0.263678 0.449606
0.263630 0.449592
0.263581 0.449581
0.263532 0.449574
0.263483 0.449574
0.263434 0.449578
0.263385 0.449585
0.263337 0.449599
0.263288 0.449617
0.263242 0.449641
0.263195 0.449670
0.263151 0.449701
0.263106 0.449737
0.263065 0.449779
0.263025 0.449825
0.262985 0.449874
0.262949 0.449927
0.262915 0.449984
0.262882 0.450044
0.262853 0.450108
0.262825 0.450175
0.262800 0.450242
0.262779 0.450312
0.262759 0.450387
0.262743 0.450461
0.262728 0.450539
0.262718 0.450616
0.262710 0.450694
0.262705 0.450775
0.262705 0.450856
3464028324945148800000000000000000000000000000000000000000000000000000000000000000000000000000000000000000000000000000000000000000000000000000000000000000000000000000000000000000000000000000000000000000000000000000000000000000000000000000000000000000000000000000.000000
0.416656 0.347278
0.416656 0.347356
0.416643 0.347465
0.416630 0.347532
0.416619 0.347585
0.416605 0.347642
0.416592 0.347695
0.416568 0.347748
0.416530 0.347857
0.416481 0.347949
0.416430 0.348044
0.416330 0.348140
0.416268 0.348193
0.416193 0.348232
0.416118 0.348246
0.416069 0.348260
0.415993 0.348260
0.415918 0.348246
0.415807 0.348193
0.415745 0.348150
0.415707 0.348126
0.415581 0.347977
0.415532 0.347868
0.415507 0.347815
0.415470 0.347719
0.415456 0.347666
0.415432 0.347546
0.415407 0.347370
0.415407 0.347235
0.415407 0.347182
0.415419 0.347062
0.415443 0.346953
0.415456 0.346900
0.415470 0.346843
0.415494 0.346790
0.415532 0.346684
0.415556 0.346628
0.415656 0.346508
0.415681 0.346469
0.415718 0.346441
0.415781 0.346388
0.415818 0.346359
0.415856 0.346345
0.415880 0.346335
0.415918 0.346321
0.415969 0.346306
0.415993 0.346306
0.416031 0.346306
0.416069 0.346306
0.416155 0.346321
0.416193 0.346335
0.416231 0.346359
0.416268 0.346374
0.416306 0.346402
0.416330 0.346427
0.416368 0.346455
0.416393 0.346494
0.416430 0.346536
0.416455 0.346575
0.416481 0.346617
0.416506 0.346656
0.416530 0.346709
0.416555 0.346766
0.416619 0.346925
0.416630 0.346992
0.416643 0.347101
0.416656 0.347221
0.416656 0.347278
3464028324945120900000000000000000000000000000000000000000000000000000000000000000000000000000000000000000000000000000000000000000000000000000000000000000000000000000000000000000000000000000000000000000000000000000000000000000000000000000000000000000000000000000.000000
0.325449 0.340754
0.334403 0.332131
0.337087 0.329542
0.340022 0.326713
3464028324945123900000000000000000000000000000000000000000000000000000000000000000000000000000000000000000000000000000000000000000000000000000000000000000000000000000000000000000000000000000000000000000000000000000000000000000000000000000000000000000000000000000.000000
0.231284 0.362880
0.232932 0.362421
0.234431 0.361520
0.234906 0.361100
0.236654 0.359065
0.237053 0.358610
0.238364 0.357045
0.242068 0.353597
0.244852 0.350828
0.245923 0.349803
0.246870 0.348973
3464028324945141400000000000000000000000000000000000000000000000000000000000000000000000000000000000000000000000000000000000000000000000000000000000000000000000000000000000000000000000000000000000000000000000000000000000000000000000000000000000000000000000000000.000000
0.246870 0.348973
0.248641 0.347207
0.249790 0.346158
0.252463 0.343774
0.254573 0.341887
0.254947 0.341524
0.256744 0.339934
0.259817 0.337172
0.260717 0.336335
0.261640 0.335512
0.263538 0.333788
0.263676 0.333668
0.266247 0.331336
0.267647 0.330054
0.270581 0.327497
0.272853 0.325515
0.274576 0.323993
0.276825 0.322039
0.278061 0.320948
0.280596 0.318737
0.283830 0.316352
0.284330 0.316094
0.284904 0.315988
0.288050 0.315935
0.291284 0.315946
0.293395 0.315907
0.296055 0.315935
0.300800 0.315798
0.306294 0.315625
0.307805 0.315582
0.310303 0.316123
0.316221 0.317539
0.319131 0.318253
0.321653 0.318885
0.321828 0.318924
0.324526 0.319613
0.326948 0.320231
0.330007 0.321336
0.332780 0.322509
0.335115 0.323802
0.337737 0.325271
0.340022 0.326713
0.342695 0.328450
0.345916 0.330337
0.347752 0.331442
0.349937 0.332873
0.351661 0.333827
0.356117 0.336550
0.359214 0.338881
0.361113 0.341442
0.365083 0.346628
3464028324945124400000000000000000000000000000000000000000000000000000000000000000000000000000000000000000000000000000000000000000000000000000000000000000000000000000000000000000000000000000000000000000000000000000000000000000000000000000000000000000000000000000.000000
0.271786 0.389980
0.272316 0.387486
0.272627 0.383587
0.272832 0.382195
0.274576 0.376289
0.275126 0.374537
0.275601 0.372933
0.275838 0.371503
0.276712 0.366222
0.276974 0.364134
0.277298 0.361156
0.277786 0.356586
3464028324945135300000000000000000000000000000000000000000000000000000000000000000000000000000000000000000000000000000000000000000000000000000000000000000000000000000000000000000000000000000000000000000000000000000000000000000000000000000000000000000000000000000.000000
0.296767 0.228457
0.296265 0.226748
0.295904 0.226030
0.294281 0.223943
0.290385 0.220707
0.285590 0.216719
0.284492 0.215790
0.283804 0.215465
0.283143 0.215303
0.280483 0.215144
0.278274 0.214699
0.277411 0.214307
0.275413 0.213335
0.272030 0.211664
0.271542 0.211410
0.270612 0.210884
0.270188 0.210527
0.269841 0.210022
0.269509 0.209481
0.269144 0.208634
0.268583 0.206949
0.267871 0.204808
0.267409 0.203809
0.267034 0.203152
0.265524 0.201481
0.262714 0.198771
0.262452 0.198528
0.260954 0.197249
0.260167 0.196613
0.259779 0.196306
0.259155 0.195794
0.257944 0.194794
0.255260 0.192639
0.254422 0.191237
0.252973 0.188934
0.251700 0.186885
0.249965 0.184232
3464028324945151500000000000000000000000000000000000000000000000000000000000000000000000000000000000000000000000000000000000000000000000000000000000000000000000000000000000000000000000000000000000000000000000000000000000000000000000000000000000000000000000000000.000000
0.263563 0.778781
0.264737 0.775181
0.264812 0.774588
0.264825 0.773012
0.264550 0.770169
0.263851 0.764927
0.262851 0.756099
0.261790 0.747343
0.261078 0.740981
0.259730 0.730324
0.259242 0.726590
0.258219 0.717604
0.256509 0.703454
0.255884 0.696622
0.255834 0.695654
0.255884 0.694898
0.256307 0.693012
0.256744 0.691786
0.257532 0.690020
0.259348 0.684386
0.260129 0.681963
0.260254 0.681087
0.260342 0.679889
0.260042 0.674916
0.259368 0.664552
0.258969 0.656753
0.258880 0.651147
0.258818 0.647010
0.258357 0.638466
0.258231 0.631970
0.257756 0.615640
0.257476 0.601878
0.257456 0.600952
0.257145 0.590387
0.256782 0.566537
0.256820 0.565177
0.257070 0.561040
0.257720 0.555770
0.258100 0.553467
0.260054 0.541609
0.260790 0.537070
0.261491 0.533054
0.262365 0.528041
0.264362 0.514255
0.264588 0.512383
0.265262 0.505403
0.265499 0.495809
0.265437 0.493856
0.265124 0.490351
0.264650 0.487536
0.262565 0.476095
0.262252 0.474046
0.261378 0.467578
0.260728 0.461959
0.260067 0.456706
0.259592 0.452905
0.259530 0.451411
0.259493 0.450224
0.259293 0.443824
0.259254 0.442820
0.259263 0.441722
0.259344 0.440934
0.259784 0.438119
0.260439 0.434120
0.261183 0.431082
0.265704 0.414004
0.267863 0.405706
0.268049 0.404989
0.268907 0.401633
0.269195 0.400517
0.269547 0.399154
0.270012 0.397433
0.270766 0.394643
0.271786 0.389980
3464028324945147500000000000000000000000000000000000000000000000000000000000000000000000000000000000000000000000000000000000000000000000000000000000000000000000000000000000000000000000000000000000000000000000000000000000000000000000000000000000000000000000000000.000000
0.423198 0.320125
0.423012 0.318952
0.422812 0.318238
0.422586 0.317832
0.422149 0.317281
0.421750 0.316674
0.421463 0.315960
0.421137 0.314720
0.421064 0.314021
0.421088 0.313251
0.421326 0.312537
0.422575 0.310852
0.423023 0.310114
0.424298 0.306433
0.424409 0.306204
0.424560 0.305907
0.424709 0.305653
0.424910 0.305451
0.425172 0.305303
0.425421 0.305222
0.426346 0.305126
0.427994 0.305466
0.428382 0.305490
0.428930 0.305395
0.429529 0.305155
0.429992 0.304897
0.430478 0.304494
0.430853 0.304102
0.431378 0.303307
0.432876 0.300976
0.433275 0.300372
0.434675 0.299090
0.435961 0.298108
0.436097 0.297945
0.436323 0.297610
0.436622 0.296960
0.436771 0.296529
0.440218 0.283957
0.441942 0.277733
0.444015 0.269743
0.444189 0.268461
0.445538 0.257765
0.446312 0.252293
0.446462 0.250312
0.446775 0.245974
0.447061 0.242131
0.447161 0.239694
0.447199 0.239033
0.447323 0.236083
0.447598 0.230220
0.447623 0.227701
0.447623 0.226232
0.447474 0.223805
0.447323 0.222555
0.447235 0.220177
0.446716 0.214430
0.446243 0.211862
0.446178 0.211643
0.446117 0.211530
0.445988 0.211438
0.443940 0.210859
0.443466 0.210562
0.443215 0.210333
0.442991 0.210022
0.442848 0.209715
3464028324945127400000000000000000000000000000000000000000000000000000000000000000000000000000000000000000000000000000000000000000000000000000000000000000000000000000000000000000000000000000000000000000000000000000000000000000000000000000000000000000000000000000.000000
0.300862 0.305194
0.302736 0.299372
0.305545 0.290722
0.308155 0.282678
0.309553 0.278341
0.312051 0.270955
0.312360 0.268228
0.312849 0.264028
0.313331 0.260022
0.314173 0.253021
0.315673 0.240570
0.316884 0.227783
0.316820 0.223727
0.316771 0.221961
0.316596 0.219941
0.316409 0.218733
0.315933 0.216292
0.315185 0.213540
0.314224 0.210622
3464028324945150200000000000000000000000000000000000000000000000000000000000000000000000000000000000000000000000000000000000000000000000000000000000000000000000000000000000000000000000000000000000000000000000000000000000000000000000000000000000000000000000000000.000000
0.319529 0.188892
0.319532 0.188892
0.320211 0.189149
0.321072 0.189478
0.321638 0.189446
0.322265 0.189393
0.322778 0.189149
0.324388 0.188609
0.325362 0.188556
0.326536 0.188853
0.327334 0.189474
0.328197 0.190145
0.328472 0.190350
0.328833 0.190509
0.329233 0.190552
0.329608 0.190442
0.329845 0.190241
0.330158 0.189782
0.331231 0.187330
0.332117 0.186437
0.333858 0.185246
0.334685 0.184815
0.335226 0.184716
0.335415 0.184702
0.335663 0.184730
0.337562 0.184610
0.337837 0.184529
0.338137 0.184338
0.338374 0.184176
0.338649 0.183893
0.339186 0.183141
0.340235 0.180877
0.341058 0.177751
0.341408 0.176253
0.341795 0.175122
0.342282 0.174084
0.342806 0.173264
0.344492 0.171647
0.346404 0.170258
0.347939 0.168909
0.348788 0.168047
0.349600 0.167199
0.353309 0.163303
0.354782 0.162078
0.356330 0.161096
0.357879 0.160177
0.358928 0.159654
0.359877 0.159492
0.360689 0.159425
0.361725 0.159439
0.362073 0.159464
0.362923 0.159870
0.363373 0.160273
0.364010 0.161149
0.364447 0.161919
0.366033 0.165462
0.314224 0.210622
0.313787 0.209294
0.312488 0.205992
0.312326 0.205186
0.312226 0.204416
0.312263 0.203890
0.312339 0.203473
0.312488 0.203095
0.314548 0.199524
0.315684 0.197464
0.316247 0.195631
0.316620 0.194257
0.317108 0.192897
0.317836 0.191075
0.317881 0.190976
3464028324945126600000000000000000000000000000000000000000000000000000000000000000000000000000000000000000000000000000000000000000000000000000000000000000000000000000000000000000000000000000000000000000000000000000000000000000000000000000000000000000000000000000.000000
0.335215 0.355455
0.337187 0.331255
0.337325 0.329326
0.337724 0.325338
0.340384 0.310775
0.344942 0.296840
0.345665 0.293498
0.346016 0.291545
0.346639 0.286207
0.346903 0.284794
0.354257 0.278016
0.355756 0.276924
0.356106 0.276628
0.356492 0.276158
0.357104 0.275201
0.360862 0.266924
0.361525 0.265444
3464028324945125200000000000000000000000000000000000000000000000000000000000000000000000000000000000000000000000000000000000000000000000000000000000000000000000000000000000000000000000000000000000000000000000000000000000000000000000000000000000000000000000000000.000000
0.297479 0.254706
0.298577 0.257009
0.299476 0.258249
0.307843 0.266737
0.312051 0.270955
0.314735 0.273325
0.316946 0.275416
0.326549 0.284512
0.331730 0.289401
0.352060 0.308602
0.353646 0.312929
0.358116 0.320542
0.358402 0.321040
0.360064 0.323869
3464028324945163700000000000000000000000000000000000000000000000000000000000000000000000000000000000000000000000000000000000000000000000000000000000000000000000000000000000000000000000000000000000000000000000000000000000000000000000000000000000000000000000000000.000000
0.394816 0.354484
0.394816 0.354622
0.394803 0.354756
0.394790 0.354904
0.394778 0.355052
0.394754 0.355187
0.394716 0.355321
0.394690 0.355455
0.394654 0.355575
0.394603 0.355699
0.394541 0.355819
0.394490 0.355928
0.394428 0.356049
0.394366 0.356155
0.394304 0.356250
0.394241 0.356331
0.394166 0.356412
0.394079 0.356480
0.394004 0.356561
0.393916 0.356614
0.393842 0.356667
0.393754 0.356709
0.393667 0.356734
0.393567 0.356762
0.393492 0.356776
0.393405 0.356776
0.393317 0.356776
0.393230 0.356762
0.393130 0.356748
0.393042 0.356723
0.392955 0.356681
0.392880 0.356642
0.392793 0.356586
0.392718 0.356508
0.392631 0.356441
0.392556 0.356359
0.392480 0.356278
0.392418 0.356183
0.392356 0.356087
0.392294 0.355981
0.392243 0.355861
0.392181 0.355752
0.392130 0.355632
0.392092 0.355508
0.392056 0.355360
0.392030 0.355240
0.391993 0.355105
0.391981 0.354971
0.391968 0.354823
0.391957 0.354675
0.391943 0.354540
0.391943 0.354392
0.391957 0.354258
0.391968 0.354095
0.391981 0.353961
0.392006 0.353823
0.392030 0.353689
0.392056 0.353541
0.392092 0.353421
0.392143 0.353300
0.392181 0.353177
0.392243 0.353057
0.392305 0.352951
0.392367 0.352841
0.392430 0.352746
0.392493 0.352654
0.392567 0.352573
0.392642 0.352477
0.392731 0.352410
0.392804 0.352357
0.392880 0.352301
0.392968 0.352248
0.393055 0.352223
0.393142 0.352195
0.393230 0.352167
0.393317 0.352167
0.393405 0.352167
0.393492 0.352167
0.393579 0.352181
0.393678 0.352209
0.393767 0.352234
0.393842 0.352290
0.393929 0.352329
0.394004 0.352382
0.394104 0.352449
0.394179 0.352545
0.394241 0.352626
0.394317 0.352707
0.394379 0.352802
0.394441 0.352908
0.394490 0.353018
0.394552 0.353138
0.394603 0.353244
0.394654 0.353368
0.394690 0.353502
0.394727 0.353622
0.394754 0.353770
0.394778 0.353904
0.394790 0.354053
0.394803 0.354187
0.394816 0.354335
0.394816 0.354484
3464028324945163700000000000000000000000000000000000000000000000000000000000000000000000000000000000000000000000000000000000000000000000000000000000000000000000000000000000000000000000000000000000000000000000000000000000000000000000000000000000000000000000000000.000000
0.387598 0.349581
0.387585 0.349687
0.387585 0.349782
0.387573 0.349863
0.387560 0.349959
0.387547 0.350051
0.387523 0.350132
0.387498 0.350241
0.387474 0.350323
0.387447 0.350404
0.387410 0.350482
0.387385 0.350552
0.387348 0.350619
0.387310 0.350687
0.387261 0.350754
0.387223 0.350821
0.387174 0.350874
0.387123 0.350927
0.387073 0.350969
0.387010 0.351008
0.386961 0.351036
0.386911 0.351061
0.386861 0.351075
0.386799 0.351103
0.386749 0.351117
0.386699 0.351117
0.386636 0.351117
0.386573 0.351103
0.386511 0.351089
0.386462 0.351075
0.386411 0.351050
0.386362 0.351022
0.386312 0.350983
0.386262 0.350941
0.386212 0.350888
0.386163 0.350845
0.386112 0.350778
0.386061 0.350711
0.386025 0.350644
0.385987 0.350577
0.385950 0.350510
0.385925 0.350429
0.385888 0.350347
0.385861 0.350266
0.385850 0.350174
0.385825 0.350093
0.385812 0.349998
0.385799 0.349902
0.385788 0.349810
0.385775 0.349715
0.385775 0.349634
0.385775 0.349528
0.385775 0.349433
0.385788 0.349337
0.385799 0.349242
0.385812 0.349150
0.385825 0.349069
0.385850 0.348959
0.385875 0.348878
0.385899 0.348800
0.385925 0.348719
0.385961 0.348652
0.385999 0.348571
0.386025 0.348504
0.386074 0.348422
0.386112 0.348369
0.386174 0.348313
0.386212 0.348260
0.386262 0.348221
0.386312 0.348179
0.386362 0.348140
0.386411 0.348111
0.386474 0.348083
0.386524 0.348073
0.386573 0.348058
0.386649 0.348044
0.386699 0.348044
0.386762 0.348058
0.386811 0.348058
0.386861 0.348073
0.386924 0.348097
0.386973 0.348126
0.387023 0.348164
0.387086 0.348193
0.387136 0.348246
0.387186 0.348288
0.387223 0.348341
0.387274 0.348394
0.387310 0.348461
0.387348 0.348542
0.387385 0.348609
0.387410 0.348691
0.387447 0.348772
0.387474 0.348853
0.387498 0.348934
0.387523 0.349016
0.387547 0.349122
0.387560 0.349203
0.387573 0.349298
0.387585 0.349390
0.387598 0.349486
0.387598 0.349581
3464028324945123900000000000000000000000000000000000000000000000000000000000000000000000000000000000000000000000000000000000000000000000000000000000000000000000000000000000000000000000000000000000000000000000000000000000000000000000000000000000000000000000000000.000000
0.263938 0.240368
0.264925 0.236730
0.265311 0.235313
0.266174 0.231972
0.267197 0.228673
0.267871 0.226906
0.269745 0.223268
0.270531 0.220545
0.271094 0.218457
0.271542 0.215426
0.272030 0.211664
3464028324945146200000000000000000000000000000000000000000000000000000000000000000000000000000000000000000000000000000000000000000000000000000000000000000000000000000000000000000000000000000000000000000000000000000000000000000000000000000000000000000000000000000.000000
0.269195 0.400517
0.269711 0.400044
0.270043 0.399744
0.270529 0.399030
0.274388 0.392636
0.275735 0.390708
0.276151 0.390139
0.277799 0.387553
0.279771 0.384064
0.280359 0.383053
0.282094 0.380019
0.283544 0.378097
0.284313 0.377338
0.285140 0.376723
0.286428 0.376193
0.287901 0.375505
0.290073 0.374509
0.291644 0.373781
0.292983 0.373410
0.294402 0.372933
0.295805 0.372718
0.298202 0.372326
0.300212 0.372004
0.301199 0.371962
0.304959 0.371799
0.306194 0.371760
0.307406 0.371707
0.309753 0.371626
0.316447 0.371842
0.318244 0.371909
0.319593 0.371948
0.321715 0.371990
0.325936 0.372071
0.328346 0.372015
0.330007 0.371930
0.347839 0.371693
0.351410 0.371665
0.353058 0.371828
0.354320 0.372163
0.355432 0.372541
0.357504 0.374063
0.365407 0.380344
0.368005 0.382513
0.379627 0.392227
0.380968 0.393346
0.382266 0.394208
0.383248 0.394812
0.384127 0.395353
0.384925 0.395635
0.385762 0.395597
0.386624 0.395462
0.388796 0.394290
0.391138 0.392728
0.395564 0.389775
0.398350 0.387889
0.398698 0.387674
0.399124 0.387472
0.405093 0.383417
0.407790 0.381354
0.409962 0.379210
0.411985 0.376854
0.414582 0.371813
3464028324945129200000000000000000000000000000000000000000000000000000000000000000000000000000000000000000000000000000000000000000000000000000000000000000000000000000000000000000000000000000000000000000000000000000000000000000000000000000000000000000000000000000.000000
0.301162 0.516897
0.301263 0.526183
0.301337 0.532888
0.301387 0.537526
0.301561 0.541058
0.304248 0.553227
0.304584 0.554746
0.308566 0.569596
0.313761 0.584541
0.314311 0.586427
0.314448 0.587370
0.314516 0.588607
0.314610 0.590373
0.314249 0.604347
0.314160 0.608081
0.313912 0.619790
0.313849 0.625301
0.314011 0.639840
0.314087 0.641203
0.314424 0.645124
0.315797 0.653923
0.317195 0.659850
0.319805 0.668462
3464028324945142700000000000000000000000000000000000000000000000000000000000000000000000000000000000000000000000000000000000000000000000000000000000000000000000000000000000000000000000000000000000000000000000000000000000000000000000000000000000000000000000000000.000000
0.263483 0.452135
0.265157 0.458377
0.267460 0.467723
0.268530 0.472559
0.269061 0.475081
0.271431 0.486286
0.271470 0.489331
0.271223 0.497473
0.271342 0.506332
0.271738 0.512630
0.271619 0.522220
0.271647 0.524714
0.271715 0.526120
0.271781 0.530345
0.271804 0.531810
0.270643 0.543146
0.270406 0.555689
0.270401 0.557158
0.270319 0.584845
0.270311 0.587886
0.270635 0.597650
0.270922 0.601807
0.271511 0.606251
0.272585 0.611941
0.273064 0.613803
0.274022 0.617840
0.274477 0.619278
0.275202 0.621327
0.275763 0.622687
0.276650 0.624305
0.277549 0.625530
0.278498 0.626608
0.286477 0.633750
0.290723 0.638303
0.294744 0.643033
0.306681 0.657049
0.310465 0.660698
0.319805 0.668462
0.338012 0.683701
0.341220 0.686315
0.344667 0.689144
0.350723 0.694118
0.357541 0.699695
0.360962 0.702457
0.363236 0.704291
0.365933 0.706474
0.368506 0.708547
0.368805 0.708925
0.371514 0.712362
0.372377 0.713966
0.372751 0.714799
0.373661 0.717374
0.375910 0.723722
0.378894 0.735566
3464028324945134900000000000000000000000000000000000000000000000000000000000000000000000000000000000000000000000000000000000000000000000000000000000000000000000000000000000000000000000000000000000000000000000000000000000000000000000000000000000000000000000000000.000000
0.357541 0.699695
0.343631 0.676467
0.342633 0.674188
0.341863 0.672033
0.341502 0.670324
0.341261 0.668561
0.341086 0.664686
0.341053 0.663817
0.340965 0.662235
0.340811 0.660087
0.338405 0.636509
0.336950 0.626533
0.335118 0.617445
0.333907 0.611726
0.331387 0.602680
0.327865 0.589515
0.325401 0.573856
0.324992 0.564499
0.323923 0.544506
0.323694 0.533545
0.323601 0.529935
0.323467 0.524714
0.323215 0.514876
0.323280 0.504481
0.323305 0.497617
0.323311 0.495699
0.323563 0.418942
0.323570 0.416293
0.323632 0.408504
0.323679 0.402043
0.323758 0.392852
0.323781 0.390242
0.323349 0.484855
0.323370 0.478469
0.323359 0.473693
0.323378 0.469143
3464028324945123500000000000000000000000000000000000000000000000000000000000000000000000000000000000000000000000000000000000000000000000000000000000000000000000000000000000000000000000000000000000000000000000000000000000000000000000000000000000000000000000000000.000000
0.372751 0.714799
0.372113 0.714775
0.371676 0.714559
0.371228 0.714220
0.369766 0.712765
0.369280 0.712175
0.367619 0.709748
0.367193 0.709059
0.366831 0.708346
0.365933 0.706474
3464028324945128700000000000000000000000000000000000000000000000000000000000000000000000000000000000000000000000000000000000000000000000000000000000000000000000000000000000000000000000000000000000000000000000000000000000000000000000000000000000000000000000000000.000000
0.816081 0.909071
0.831034 0.898813
0.843036 0.889848
0.847301 0.887103
0.849531 0.886294
0.850809 0.886089
0.851611 0.886058
0.852380 0.886075
0.853231 0.886245
0.854509 0.886969
0.863790 0.894910
0.866687 0.898113
0.868570 0.900194
0.872651 0.903511
0.879255 0.908184
0.883343 0.909791
0.887343 0.910148
0.890478 0.908862
0.903434 0.902384
0.905784 0.901646
0.909054 0.901218
0.912207 0.900441
3464028324945127000000000000000000000000000000000000000000000000000000000000000000000000000000000000000000000000000000000000000000000000000000000000000000000000000000000000000000000000000000000000000000000000000000000000000000000000000000000000000000000000000000.000000
0.676640 0.912377
0.679771 0.895694
0.680286 0.893444
0.681543 0.890346
0.682617 0.888269
0.682934 0.887559
0.683309 0.886481
0.683542 0.885542
0.683772 0.884358
0.683921 0.883133
0.684141 0.875037
0.684056 0.863952
0.684046 0.853009
0.684041 0.846149
0.684108 0.820692
0.684529 0.819296
0.685827 0.816820
0.690424 0.807453
3464028324945125700000000000000000000000000000000000000000000000000000000000000000000000000000000000000000000000000000000000000000000000000000000000000000000000000000000000000000000000000000000000000000000000000000000000000000000000000000000000000000000000000000.000000
0.668322 0.784807
0.671026 0.785185
0.673152 0.785930
0.674744 0.786848
0.681096 0.795577
0.690424 0.807453
0.694439 0.812585
0.697033 0.815859
0.703025 0.821698
0.704963 0.824097
0.705302 0.824517
0.708143 0.828389
0.708194 0.828459
0.708371 0.828700
0.709770 0.830547
3464028324945121700000000000000000000000000000000000000000000000000000000000000000000000000000000000000000000000000000000000000000000000000000000000000000000000000000000000000000000000000000000000000000000000000000000000000000000000000000000000000000000000000000.000000
0.665409 0.846234
0.672243 0.846340
0.672563 0.846344
0.678471 0.846432
0.680070 0.846481
0.707629 0.847311
3464028324945131400000000000000000000000000000000000000000000000000000000000000000000000000000000000000000000000000000000000000000000000000000000000000000000000000000000000000000000000000000000000000000000000000000000000000000000000000000000000000000000000000000.000000
0.600650 0.763747
0.600549 0.770872
0.600490 0.775312
0.600423 0.780176
0.600290 0.789840
0.600151 0.797679
0.599970 0.808011
0.600341 0.811282
0.600415 0.811649
0.601050 0.814800
0.601601 0.816693
0.601935 0.817838
0.602333 0.818841
0.603182 0.820515
0.604282 0.822048
0.606222 0.824012
0.612085 0.829371
0.612435 0.829692
0.616204 0.833299
0.619653 0.836757
0.619973 0.837092
0.627894 0.845422
0.629823 0.845690
0.634547 0.845761
0.635665 0.845778
0.647591 0.845962
0.654511 0.846068
0.665409 0.846234
3464028324945120000000000000000000000000000000000000000000000000000000000000000000000000000000000000000000000000000000000000000000000000000000000000000000000000000000000000000000000000000000000000000000000000000000000000000000000000000000000000000000000000000000.000000
0.544017 0.794408
0.548894 0.803330
3464028324945134900000000000000000000000000000000000000000000000000000000000000000000000000000000000000000000000000000000000000000000000000000000000000000000000000000000000000000000000000000000000000000000000000000000000000000000000000000000000000000000000000000.000000
0.368805 0.708925
0.372688 0.708427
0.373787 0.708035
0.377483 0.705531
0.379344 0.704397
0.382424 0.702680
0.385650 0.701271
0.386749 0.700988
0.389770 0.700748
0.392518 0.701165
0.393613 0.701638
0.394940 0.702214
0.398625 0.705396
0.402269 0.709006
0.406695 0.713436
0.408111 0.714506
0.419195 0.718696
0.432027 0.724058
0.452705 0.733372
0.463532 0.740133
0.473327 0.745185
0.476306 0.746721
0.476740 0.746901
0.477156 0.747074
0.478853 0.747488
0.478866 0.747491
0.486608 0.748448
0.493151 0.748893
0.505864 0.749985
0.510870 0.750469
0.514854 0.751168
0.516353 0.751613
0.518050 0.752369
0.519749 0.753327
0.521435 0.754687
0.522628 0.756050
3464028324945126600000000000000000000000000000000000000000000000000000000000000000000000000000000000000000000000000000000000000000000000000000000000000000000000000000000000000000000000000000000000000000000000000000000000000000000000000000000000000000000000000000.000000
0.213527 0.371948
0.212453 0.375710
0.212141 0.376759
0.211941 0.377257
0.211555 0.377917
0.211029 0.378444
0.207196 0.381570
0.206110 0.382230
0.205298 0.382619
0.203887 0.383269
0.203175 0.383848
0.201902 0.385625
0.201316 0.386692
0.201116 0.386974
0.200442 0.387430
0.200057 0.387504
0.199104 0.387688
3464028324945175900000000000000000000000000000000000000000000000000000000000000000000000000000000000000000000000000000000000000000000000000000000000000000000000000000000000000000000000000000000000000000000000000000000000000000000000000000000000000000000000000000.000000
0.000000 0.350153
0.022325 0.354904
0.023822 0.355144
0.024647 0.355483
0.027868 0.356815
0.034088 0.359941
0.037522 0.362435
0.038908 0.363325
0.045113 0.366359
0.048222 0.367921
0.048821 0.368405
0.049921 0.369457
0.050782 0.370669
0.053180 0.374537
0.056401 0.379224
0.056926 0.380291
0.057285 0.382008
0.057799 0.384618
0.058275 0.386851
0.058350 0.387635
0.058125 0.393830
0.057814 0.397161
0.057251 0.405501
0.057251 0.406148
0.057450 0.406836
0.059548 0.410217
0.061971 0.413735
0.062869 0.414717
0.064406 0.415607
0.065693 0.416215
0.066205 0.416416
0.068390 0.418045
0.070063 0.419055
0.070924 0.419178
0.071398 0.419341
0.071911 0.419782
0.073410 0.420902
0.074022 0.421089
0.076181 0.420969
0.077780 0.420658
0.078392 0.420270
0.078804 0.419408
0.079515 0.417924
0.079953 0.417306
0.082986 0.414933
0.084461 0.413788
0.086708 0.411485
0.088456 0.410634
0.090466 0.410270
0.091749 0.410129
0.092553 0.409652
0.093527 0.409065
0.094712 0.408910
0.095636 0.409030
0.096224 0.408924
0.096723 0.408599
0.099370 0.405918
0.099807 0.405568
0.100486 0.405275
0.101471 0.405162
0.102804 0.405434
0.103666 0.405823
0.104265 0.406564
0.105376 0.408518
0.106563 0.411255
0.106678 0.411432
0.106833 0.411559
0.107138 0.411573
0.107699 0.411552
0.109760 0.411093
0.110571 0.411241
0.111095 0.411577
0.113930 0.414272
0.114405 0.414488
0.115103 0.414650
0.119087 0.414986
0.119861 0.415215
0.120798 0.415713
0.122434 0.416713
0.125480 0.419246
0.127179 0.421089
0.127765 0.421764
0.131225 0.426250
0.131962 0.426724
0.132448 0.426833
0.132922 0.426762
0.133597 0.426211
0.136593 0.423113
0.139641 0.420012
0.141577 0.417331
0.143973 0.413276
0.145448 0.410945
0.145947 0.410312
0.148257 0.408507
0.150867 0.406162
0.151754 0.405176
0.152236 0.404597
0.152578 0.403749
0.154051 0.398560
0.154913 0.396229
0.155237 0.395544
0.155787 0.394964
0.156710 0.394544
0.158471 0.394558
0.159683 0.394223
0.160419 0.393346
0.161856 0.390623
0.163092 0.389316
0.163841 0.388942
0.165565 0.388535
0.169285 0.388751
0.174930 0.390005
0.176485 0.389839
0.177825 0.389857
0.179534 0.389878
0.182705 0.389913
0.183721 0.390383
0.184282 0.390733
0.187953 0.394276
0.188679 0.394749
0.188978 0.394774
0.189364 0.394706
0.189790 0.394318
0.190214 0.393724
0.191587 0.391810
0.193098 0.390249
0.195509 0.388603
0.196569 0.387999
0.197006 0.387917
0.199104 0.387688
3464028324945127400000000000000000000000000000000000000000000000000000000000000000000000000000000000000000000000000000000000000000000000000000000000000000000000000000000000000000000000000000000000000000000000000000000000000000000000000000000000000000000000000000.000000
0.231284 0.362880
0.229935 0.363096
0.229536 0.363163
0.229061 0.363325
0.227151 0.364201
0.223192 0.366518
0.222444 0.366801
0.221806 0.367002
0.219521 0.367529
0.218884 0.367730
0.217473 0.368242
0.216686 0.368553
0.215688 0.369118
0.215413 0.369295
0.215226 0.369457
0.214738 0.369941
0.214401 0.370344
0.214164 0.370669
0.213527 0.371948
3464028324945155400000000000000000000000000000000000000000000000000000000000000000000000000000000000000000000000000000000000000000000000000000000000000000000000000000000000000000000000000000000000000000000000000000000000000000000000000000000000000000000000000000.000000
0.190975 0.505551
0.185755 0.506240
0.184819 0.506360
0.183495 0.506533
0.183022 0.506749
0.181723 0.507921
0.180299 0.509242
0.178176 0.511669
0.174567 0.516208
0.172870 0.517840
0.172033 0.518607
0.169573 0.520927
0.160108 0.528674
0.158638 0.529921
0.150805 0.536558
0.147096 0.540412
0.146690 0.540942
0.145559 0.542418
0.137057 0.553520
0.136032 0.554884
0.131158 0.561238
0.130626 0.561931
0.121423 0.573895
0.120636 0.574824
0.120074 0.575163
0.119349 0.575336
0.118364 0.575216
0.117955 0.575000
0.117264 0.574636
0.110963 0.569896
0.109609 0.569126
0.108897 0.568829
0.107907 0.568501
0.099270 0.566876
0.097928 0.566604
0.096672 0.566141
0.092103 0.562955
0.091491 0.562658
0.090093 0.562443
0.088594 0.562697
0.086657 0.563238
0.084399 0.563669
0.082713 0.563683
0.080963 0.563545
0.077942 0.563329
0.076819 0.563439
0.075943 0.563856
0.073871 0.565502
0.070637 0.569366
0.069750 0.570285
0.066454 0.573100
0.065455 0.574287
0.064743 0.575795
0.063120 0.581065
0.061522 0.589903
0.060635 0.595078
0.059961 0.597731
0.056951 0.608176
0.056301 0.610302
0.055953 0.611178
0.055416 0.612203
0.054480 0.613390
0.053293 0.614266
0.051807 0.614644
0.051033 0.614442
0.047473 0.613012
0.047011 0.612959
0.046574 0.612892
0.045813 0.612810
0.044265 0.612945
0.041368 0.613701
0.039820 0.613983
0.034075 0.613457
0.026096 0.612312
0.023560 0.611652
0.022336 0.611193
0.018117 0.608928
0.017505 0.608554
0.015131 0.607028
0.013346 0.605481
0.011061 0.602934
0.008501 0.599755
0.000000 0.588974
3464028324945155800000000000000000000000000000000000000000000000000000000000000000000000000000000000000000000000000000000000000000000000000000000000000000000000000000000000000000000000000000000000000000000000000000000000000000000000000000000000000000000000000000.000000
0.165033 0.047545
0.165193 0.048064
0.166648 0.051325
0.168418 0.054589
0.169123 0.056334
0.169735 0.058905
0.170959 0.064274
0.171177 0.064659
0.171429 0.065030
0.171622 0.065260
0.173840 0.067853
0.175388 0.070357
0.177377 0.074228
0.178259 0.075461
0.180524 0.077962
0.183538 0.081766
0.185040 0.084500
0.186494 0.088513
0.187063 0.090481
0.189998 0.101978
0.190554 0.103939
0.191140 0.105839
0.191489 0.106744
0.192067 0.107962
0.193319 0.110092
0.193792 0.110774
0.194320 0.111438
0.195610 0.112756
0.198716 0.115659
0.199869 0.117256
0.206597 0.136044
0.208432 0.141124
0.210331 0.146355
0.212103 0.151096
0.215869 0.161502
0.218946 0.170001
0.113704 0.011932
0.115680 0.008562
0.117207 0.005867
0.119321 0.001293
0.119721 0.000636
0.120102 0.000240
0.120465 0.000000
0.120932 0.000102
0.121730 0.000869
0.123149 0.002317
0.123510 0.002487
0.123817 0.002476
0.125737 0.001671
0.126354 0.001600
0.126806 0.001759
0.127184 0.001978
0.127384 0.002367
0.127685 0.003299
0.127776 0.004108
0.127672 0.007499
0.127665 0.008933
0.127821 0.009332
0.127975 0.009541
0.128217 0.009672
0.128464 0.009622
0.129629 0.008124
0.131065 0.006259
0.131634 0.005857
0.131958 0.005740
0.132284 0.005835
0.132536 0.006047
0.132806 0.006362
0.132934 0.006733
0.132929 0.007432
0.132786 0.009672
0.132816 0.013066
0.132883 0.013585
0.133025 0.014076
0.133168 0.014352
0.135664 0.017570
0.137066 0.019375
0.142968 0.025253
0.143302 0.025369
0.143590 0.025412
0.144098 0.025224
0.144530 0.024818
0.145965 0.022497
0.146345 0.021890
